TN:
SF:/Volumes/MBP2018/Develop/sc_example_final/myproject/contracts/Activatable.sol
FN:15,whenActive
FN:21,whenNotActive
FN:27,deactivate
FN:33,activate
FNF:4
FNH:0
FNDA:0,whenActive
FNDA:0,whenNotActive
FNDA:0,deactivate
FNDA:0,activate
DA:16,0
DA:17,0
DA:22,0
DA:23,0
DA:28,0
DA:29,0
DA:34,0
DA:35,0
LF:8
LH:0
BRDA:16,1,0,0
BRDA:16,1,1,0
BRDA:22,2,0,0
BRDA:22,2,1,0
BRF:4
BRH:0
end_of_record
TN:
SF:/Volumes/MBP2018/Develop/sc_example_final/myproject/contracts/Room.sol
FN:105,constructor
FN:109,deposit
FN:114,sendReward
FN:126,refundToOwner
FNF:4
FNH:0
FNDA:0,constructor
FNDA:0,deposit
FNDA:0,sendReward
FNDA:0,refundToOwner
DA:106,0
DA:110,0
DA:111,0
DA:115,0
DA:116,0
DA:117,0
DA:118,0
DA:120,0
DA:121,0
DA:122,0
DA:127,0
DA:128,0
DA:129,0
DA:130,0
LF:14
LH:0
BRDA:110,1,0,0
BRDA:110,1,1,0
BRDA:115,2,0,0
BRDA:115,2,1,0
BRDA:116,3,0,0
BRDA:116,3,1,0
BRDA:117,4,0,0
BRDA:117,4,1,0
BRDA:118,5,0,0
BRDA:118,5,1,0
BRDA:127,6,0,0
BRDA:127,6,1,0
BRF:12
BRH:0
end_of_record
TN:
SF:/Volumes/MBP2018/Develop/sc_example_final/myproject/contracts/RoomFactory.sol
FN:33,createRoom
FNF:1
FNH:0
FNDA:0,createRoom
DA:34,0
DA:35,0
LF:2
LH:0
BRF:0
BRH:0
end_of_record
